<?xml version="1.0" encoding="UTF-8"?>
<!-- Generated by org.testng.reporters.JUnitReportReporter -->
<testsuite hostname="DESKTOP-F41BGMI" failures="0" tests="1" name="com.Equarz.Testcases.Edit_profile_test" time="6.849" errors="0" timestamp="2023-10-17T14:54:48 IST" skipped="0">
  <testcase classname="com.Equarz.Testcases.Edit_profile_test" name="search" time="6.849"/>
</testsuite> <!-- com.Equarz.Testcases.Edit_profile_test -->
