<?xml version="1.0" encoding="UTF-8"?>
<!-- Generated by org.testng.reporters.JUnitReportReporter -->
<testsuite hostname="DESKTOP-F41BGMI" failures="0" tests="1" name="com.Equarz.Testcases.signupTest" time="16.854" errors="0" timestamp="2023-09-12T17:20:58 IST" skipped="0">
  <testcase classname="com.Equarz.Testcases.signupTest" name="verifyurl" time="16.854"/>
</testsuite> <!-- com.Equarz.Testcases.signupTest -->
