<?xml version="1.0" encoding="UTF-8"?>
<!-- Generated by org.testng.reporters.JUnitReportReporter -->
<testsuite hostname="DESKTOP-F41BGMI" failures="0" tests="1" name="com.Equarz.Testcases.logout_test" time="20.801" errors="0" timestamp="2023-10-19T12:09:11 IST" skipped="0">
  <testcase classname="com.Equarz.Testcases.logout_test" name="back" time="20.801"/>
</testsuite> <!-- com.Equarz.Testcases.logout_test -->
