<?xml version="1.0" encoding="UTF-8"?>
<!-- Generated by org.testng.reporters.JUnitReportReporter -->
<testsuite hostname="DESKTOP-F41BGMI" failures="0" tests="1" name="com.Equarz.Testcases.wishlist_testcases" time="55.462" errors="0" timestamp="2023-10-03T12:10:20 IST" skipped="0">
  <testcase classname="com.Equarz.Testcases.wishlist_testcases" name="homehwishlist" time="55.462"/>
</testsuite> <!-- com.Equarz.Testcases.wishlist_testcases -->
