<?xml version="1.0" encoding="UTF-8"?>
<!-- Generated by org.testng.reporters.JUnitReportReporter -->
<testsuite hostname="DESKTOP-F41BGMI" failures="0" tests="1" name="com.Equarz.Testcases.product_test1" time="11.897" errors="0" timestamp="2023-09-12T17:09:31 IST" skipped="0">
  <testcase classname="com.Equarz.Testcases.product_test1" name="verifyurl" time="11.897"/>
</testsuite> <!-- com.Equarz.Testcases.product_test1 -->
