<?xml version="1.0" encoding="UTF-8"?>
<!-- Generated by org.testng.reporters.JUnitReportReporter -->
<testsuite hostname="DESKTOP-F41BGMI" failures="0" tests="3" name="com.Equarz.Testcases.add_delete_testcases" time="16.409" errors="0" timestamp="2023-10-03T10:55:02 IST" skipped="0">
  <testcase classname="com.Equarz.Testcases.add_delete_testcases" name="addaddress" time="9.097"/>
  <testcase classname="com.Equarz.Testcases.add_delete_testcases" name="editaddress" time="2.330"/>
  <testcase classname="com.Equarz.Testcases.add_delete_testcases" name="deleteaddress" time="4.982"/>
</testsuite> <!-- com.Equarz.Testcases.add_delete_testcases -->
