<?xml version="1.0" encoding="UTF-8"?>
<!-- Generated by org.testng.reporters.JUnitReportReporter -->
<testsuite hostname="DESKTOP-F41BGMI" failures="0" tests="1" name="com.Equarz.Testcases.product_test" time="22.604" errors="0" timestamp="2023-09-12T16:49:55 IST" skipped="0">
  <testcase classname="com.Equarz.Testcases.product_test" name="verifyurl" time="22.604"/>
</testsuite> <!-- com.Equarz.Testcases.product_test -->
